Base path: F:/GameEngineStuff/Unity/Editor/Data
Cmd: initializeCompiler
Cmd: compileComputeKernel
  error: 1 plat 4 at (0): Program 'Deferred_Direct_ShadowMask_Fptl', warning X4714: sum of temp registers and indexable temp registers times 256 threads exceeds the recommended total 16384.  Performance may be reduced
  api=4 insize=14406 outsize=93949 ok=1
Cmd: compileComputeKernel
  api=4 insize=14406 outsize=47613 ok=1
Cmd: compileComputeKernel
  api=4 insize=14406 outsize=30657 ok=1
Cmd: compileComputeKernel
  api=4 insize=14406 outsize=39357 ok=1
Cmd: compileComputeKernel
  api=4 insize=14406 outsize=46281 ok=1
Cmd: compileComputeKernel
  api=4 insize=14406 outsize=67073 ok=1
Cmd: compileComputeKernel
  api=4 insize=26648 outsize=15525 ok=1
Cmd: compileComputeKernel
  api=4 insize=9347 outsize=9273 ok=1
Cmd: compileComputeKernel
  api=4 insize=17415 outsize=8781 ok=1
Cmd: compileComputeKernel
  api=4 insize=6309 outsize=5041 ok=1
Cmd: compileComputeKernel
  api=4 insize=7423 outsize=1037 ok=1
Cmd: compileComputeKernel
  api=4 insize=10769 outsize=9837 ok=1
Cmd: compileComputeKernel
  api=4 insize=2364 outsize=1029 ok=1
Cmd: compileComputeKernel
  api=4 insize=20012 outsize=14613 ok=1
Cmd: compileComputeKernel
  api=4 insize=7704 outsize=689 ok=1
Cmd: compileComputeKernel
  api=4 insize=20668 outsize=95037 ok=1
Cmd: compileComputeKernel
  api=4 insize=34508 outsize=35413 ok=1
Cmd: compileComputeKernel
  api=4 insize=34508 outsize=36169 ok=1
Cmd: compileComputeKernel
  api=4 insize=5089 outsize=4769 ok=1
Cmd: compileComputeKernel
  api=4 insize=3043 outsize=2701 ok=1
Cmd: compileComputeKernel
  api=4 insize=7712 outsize=4517 ok=1
Cmd: compileComputeKernel
  api=4 insize=3918 outsize=2705 ok=1
Cmd: compileComputeKernel
  api=4 insize=5723 outsize=637 ok=1
Cmd: initializeCompiler
Cmd: compileSnippet
  api=4 type=0 insize=22567 outsize=1798 kw=DECALS_3RT pd=UNITY_ENABLE_REFLECTION_BUFFERS UNITY_USE_DITHER_MASK_FOR_ALPHABLENDED_SHADOWS UNITY_PBS_USE_BRDF1 UNITY_SPECCUBE_BOX_PROJECTION UNITY_SPECCUBE_BLENDING UNITY_ENABLE_DETAIL_NORMALMAP SHADER_API_DESKTOP UNITY_LIGHT_PROBE_PROXY_VOLUME UNITY_LIGHTMAP_FULL_HDR ok=1
