Base path: C:/Program Files/Unity/Editor/Data
Cmd: initializeCompiler
Cmd: preprocess
  insize=6661 outsize=691 ok=1
Cmd: preprocess
  insize=3385 outsize=558 ok=1
Cmd: preprocessCompute
  insize=2543 outsize=2549 ok=1
Cmd: preprocessCompute
  insize=12085 outsize=12091 ok=1
Cmd: preprocess
  insize=2585 outsize=557 ok=1
Cmd: preprocessCompute
  insize=14288 outsize=14406 ok=1
Cmd: preprocessCompute
  insize=26624 outsize=26648 ok=1
Cmd: preprocessCompute
  insize=3791 outsize=3797 ok=1
Cmd: preprocess
  insize=2362 outsize=289 ok=1
Cmd: preprocess
  insize=3658 outsize=299 ok=1
Cmd: preprocess
  insize=2666 outsize=287 ok=1
Cmd: preprocessCompute
  insize=5761 outsize=5767 ok=1
Cmd: preprocessCompute
  insize=1040 outsize=1042 ok=1
Cmd: preprocessCompute
  insize=3683 outsize=3687 ok=1
Cmd: preprocess
  insize=27321 outsize=16690 ok=1
Cmd: preprocessCompute
  insize=2644 outsize=2648 ok=1
Cmd: preprocess
  insize=4402 outsize=871 ok=1
Cmd: preprocessCompute
  insize=11059 outsize=11061 ok=1
Cmd: preprocess
  insize=2739 outsize=457 ok=1
Cmd: preprocessCompute
  insize=971 outsize=975 ok=1
Cmd: preprocess
  insize=407 outsize=407 ok=1
Cmd: preprocess
  insize=1963 outsize=631 ok=1
Cmd: preprocessCompute
  insize=2812 outsize=2816 ok=1
Cmd: preprocess
  insize=3202 outsize=312 ok=1
Cmd: preprocess
  insize=3973 outsize=502 ok=1
Cmd: preprocess
  insize=3815 outsize=822 ok=1
Cmd: preprocessCompute
  insize=9329 outsize=9347 ok=1
Cmd: preprocess
  insize=5566 outsize=294 ok=1
Cmd: preprocess
  insize=6417 outsize=2703 ok=1
Cmd: preprocessCompute
  insize=7403 outsize=7409 ok=1
Cmd: preprocessCompute
  insize=17405 outsize=17415 ok=1
Cmd: preprocess
  insize=1701 outsize=360 ok=1
Cmd: preprocess
  insize=1874 outsize=446 ok=1
Cmd: preprocess
  insize=4914 outsize=281 ok=1
Cmd: preprocess
  insize=2955 outsize=327 ok=1
Cmd: preprocessCompute
  insize=6303 outsize=6309 ok=1
Cmd: preprocessCompute
  insize=4908 outsize=4918 ok=1
Cmd: preprocess
  insize=3157 outsize=363 ok=1
Cmd: preprocessCompute
  insize=3249 outsize=3253 ok=1
Cmd: preprocessCompute
  insize=12233 outsize=12239 ok=1
Cmd: preprocessCompute
  insize=7409 outsize=7423 ok=1
Cmd: preprocessCompute
  insize=2526 outsize=2532 ok=1
Cmd: preprocess
  insize=1380 outsize=265 ok=1
Cmd: preprocessCompute
  insize=10763 outsize=10769 ok=1
Cmd: preprocess
  insize=2374 outsize=303 ok=1
Cmd: preprocess
  insize=1709 outsize=249 ok=1
Cmd: preprocess
  insize=5926 outsize=266 ok=1
Cmd: preprocess
  insize=945 outsize=218 ok=1
Cmd: preprocessCompute
  insize=1940 outsize=1946 ok=1
Cmd: preprocessCompute
  insize=2358 outsize=2364 ok=1
Cmd: preprocessCompute
  insize=12258 outsize=12262 ok=1
Cmd: preprocessCompute
  insize=10554 outsize=10562 ok=1
Cmd: preprocessCompute
  insize=1830 outsize=1834 ok=1
Cmd: preprocess
  insize=19683 outsize=9651 ok=1
Cmd: preprocessCompute
  insize=19994 outsize=20012 ok=1
Cmd: preprocessCompute
  insize=5847 outsize=5851 ok=1
Cmd: preprocess
  insize=48132 outsize=20382 ok=1
Cmd: preprocess
  insize=5582 outsize=815 ok=1
Cmd: preprocessCompute
  insize=21745 outsize=21751 ok=1
Cmd: preprocess
  insize=2315 outsize=629 ok=1
Cmd: preprocess
  insize=41933 outsize=20263 ok=1
Cmd: preprocessCompute
  insize=3186 outsize=3188 ok=1
Cmd: preprocessCompute
  insize=2513 outsize=2517 ok=1
Cmd: preprocess
  insize=1556 outsize=349 ok=1
Cmd: preprocessCompute
  insize=2899 outsize=2905 ok=1
Cmd: preprocess
  insize=10398 outsize=320 ok=1
Cmd: preprocess
  insize=43158 outsize=25564 ok=1
Cmd: preprocessCompute
  insize=499 outsize=501 ok=1
Cmd: preprocess
  insize=3067 outsize=1036 ok=1
Cmd: preprocessCompute
  insize=3012 outsize=3022 ok=1
Cmd: preprocessCompute
  insize=3689 outsize=3695 ok=1
Cmd: preprocess
  insize=2935 outsize=570 ok=1
Cmd: preprocess
  insize=2751 outsize=325 ok=1
Cmd: preprocess
  insize=2762 outsize=554 ok=1
Cmd: preprocess
  insize=3693 outsize=367 ok=1
Cmd: preprocessCompute
  insize=7692 outsize=7704 ok=1
Cmd: preprocess
  insize=2932 outsize=508 ok=1
Cmd: preprocessCompute
  insize=851 outsize=857 ok=1
Cmd: preprocess
  insize=7080 outsize=285 ok=1
Cmd: preprocessCompute
  insize=1576 outsize=1580 ok=1
Cmd: preprocessCompute
  insize=20658 outsize=20668 ok=1
Cmd: preprocessCompute
  insize=34474 outsize=34508 ok=1
Cmd: preprocessCompute
  insize=8344 outsize=8350 ok=1
Cmd: preprocess
  insize=3537 outsize=381 ok=1
Cmd: preprocessCompute
  insize=5129 outsize=5133 ok=1
Cmd: preprocess
  insize=2166 outsize=320 ok=1
Cmd: preprocessCompute
  insize=17183 outsize=17193 ok=1
Cmd: preprocess
  insize=4894 outsize=637 ok=1
Cmd: preprocess
  insize=19571 outsize=9494 ok=1
Cmd: preprocess
  insize=10415 outsize=339 ok=1
Cmd: preprocessCompute
  insize=5067 outsize=5089 ok=1
Cmd: preprocess
  insize=3207 outsize=1205 ok=1
Cmd: preprocess
  insize=1926 outsize=415 ok=1
Cmd: preprocessCompute
  insize=14979 outsize=14985 ok=1
Cmd: preprocess
  insize=6855 outsize=278 ok=1
Cmd: preprocessCompute
  insize=2590 outsize=2596 ok=1
Cmd: preprocessCompute
  insize=3829 outsize=3831 ok=1
Cmd: preprocess
  insize=2007 outsize=290 ok=1
Cmd: preprocess
  insize=4321 outsize=816 ok=1
Cmd: preprocess
  insize=3267 outsize=386 ok=1
Cmd: preprocess
  insize=17242 outsize=1324 ok=1
Cmd: preprocessCompute
  insize=3035 outsize=3043 ok=1
Cmd: preprocess
  insize=794 outsize=300 ok=1
Cmd: preprocess
  insize=11034 outsize=318 ok=1
Cmd: preprocess
  insize=8055 outsize=4812 ok=1
Cmd: preprocess
  insize=44651 outsize=26239 ok=1
Cmd: preprocessCompute
  insize=3226 outsize=3228 ok=1
Cmd: preprocess
  insize=10090 outsize=5993 ok=1
Cmd: preprocess
  insize=13035 outsize=959 ok=1
Cmd: preprocessCompute
  insize=3202 outsize=3206 ok=1
Cmd: preprocessCompute
  insize=7694 outsize=7712 ok=1
Cmd: preprocessCompute
  insize=3904 outsize=3918 ok=1
Cmd: preprocessCompute
  insize=3502 outsize=3506 ok=1
Cmd: preprocessCompute
  insize=5715 outsize=5723 ok=1
Cmd: preprocessCompute
  insize=3419 outsize=3425 ok=1
Cmd: preprocessCompute
  insize=2584 outsize=2590 ok=1
Cmd: preprocess
  insize=3551 outsize=921 ok=1
Cmd: preprocess
  insize=102741 outsize=5555 ok=1
Cmd: preprocess
  insize=173905 outsize=8795 ok=1
Cmd: preprocess
  insize=99525 outsize=5484 ok=1
Cmd: initializeCompiler
Cmd: preprocess
  insize=3081 outsize=1156 ok=1
Cmd: compileSnippet
  api=4 type=0 insize=2368 outsize=1350 kw= pd=UNITY_ENABLE_REFLECTION_BUFFERS UNITY_USE_DITHER_MASK_FOR_ALPHABLENDED_SHADOWS UNITY_PBS_USE_BRDF1 UNITY_SPECCUBE_BOX_PROJECTION UNITY_SPECCUBE_BLENDING UNITY_ENABLE_DETAIL_NORMALMAP SHADER_API_DESKTOP UNITY_LIGHT_PROBE_PROXY_VOLUME UNITY_LIGHTMAP_FULL_HDR ok=1
Cmd: compileSnippet
  api=4 type=1 insize=2368 outsize=998 kw= pd=UNITY_ENABLE_REFLECTION_BUFFERS UNITY_USE_DITHER_MASK_FOR_ALPHABLENDED_SHADOWS UNITY_PBS_USE_BRDF1 UNITY_SPECCUBE_BOX_PROJECTION UNITY_SPECCUBE_BLENDING UNITY_ENABLE_DETAIL_NORMALMAP SHADER_API_DESKTOP UNITY_LIGHT_PROBE_PROXY_VOLUME UNITY_LIGHTMAP_FULL_HDR ok=1
Cmd: compileSnippet
  api=4 type=0 insize=1582 outsize=690 kw= pd=UNITY_ENABLE_REFLECTION_BUFFERS UNITY_USE_DITHER_MASK_FOR_ALPHABLENDED_SHADOWS UNITY_PBS_USE_BRDF1 UNITY_SPECCUBE_BOX_PROJECTION UNITY_SPECCUBE_BLENDING UNITY_ENABLE_DETAIL_NORMALMAP SHADER_API_DESKTOP UNITY_LIGHT_PROBE_PROXY_VOLUME UNITY_LIGHTMAP_FULL_HDR ok=1
Cmd: compileSnippet
  api=4 type=1 insize=1582 outsize=354 kw= pd=UNITY_ENABLE_REFLECTION_BUFFERS UNITY_USE_DITHER_MASK_FOR_ALPHABLENDED_SHADOWS UNITY_PBS_USE_BRDF1 UNITY_SPECCUBE_BOX_PROJECTION UNITY_SPECCUBE_BLENDING UNITY_ENABLE_DETAIL_NORMALMAP SHADER_API_DESKTOP UNITY_LIGHT_PROBE_PROXY_VOLUME UNITY_LIGHTMAP_FULL_HDR ok=1
Cmd: compileSnippet
  api=4 type=0 insize=4971 outsize=1138 kw= pd=UNITY_ENABLE_REFLECTION_BUFFERS UNITY_USE_DITHER_MASK_FOR_ALPHABLENDED_SHADOWS UNITY_PBS_USE_BRDF1 UNITY_SPECCUBE_BOX_PROJECTION UNITY_SPECCUBE_BLENDING UNITY_ENABLE_DETAIL_NORMALMAP SHADER_API_DESKTOP UNITY_LIGHT_PROBE_PROXY_VOLUME UNITY_LIGHTMAP_FULL_HDR ok=1
Cmd: compileSnippet
  api=4 type=1 insize=4971 outsize=3494 kw= pd=UNITY_ENABLE_REFLECTION_BUFFERS UNITY_USE_DITHER_MASK_FOR_ALPHABLENDED_SHADOWS UNITY_PBS_USE_BRDF1 UNITY_SPECCUBE_BOX_PROJECTION UNITY_SPECCUBE_BLENDING UNITY_ENABLE_DETAIL_NORMALMAP SHADER_API_DESKTOP UNITY_LIGHT_PROBE_PROXY_VOLUME UNITY_LIGHTMAP_FULL_HDR ok=1
Cmd: compileSnippet
  api=4 type=0 insize=4971 outsize=1138 kw= pd=UNITY_ENABLE_REFLECTION_BUFFERS UNITY_USE_DITHER_MASK_FOR_ALPHABLENDED_SHADOWS UNITY_PBS_USE_BRDF1 UNITY_SPECCUBE_BOX_PROJECTION UNITY_SPECCUBE_BLENDING UNITY_ENABLE_DETAIL_NORMALMAP SHADER_API_DESKTOP UNITY_LIGHT_PROBE_PROXY_VOLUME UNITY_LIGHTMAP_FULL_HDR ok=1
Cmd: compileSnippet
  api=4 type=1 insize=4971 outsize=3494 kw= pd=UNITY_ENABLE_REFLECTION_BUFFERS UNITY_USE_DITHER_MASK_FOR_ALPHABLENDED_SHADOWS UNITY_PBS_USE_BRDF1 UNITY_SPECCUBE_BOX_PROJECTION UNITY_SPECCUBE_BLENDING UNITY_ENABLE_DETAIL_NORMALMAP SHADER_API_DESKTOP UNITY_LIGHT_PROBE_PROXY_VOLUME UNITY_LIGHTMAP_FULL_HDR ok=1
Cmd: compileSnippet
  api=4 type=0 insize=1341 outsize=790 kw= pd=UNITY_ENABLE_REFLECTION_BUFFERS UNITY_USE_DITHER_MASK_FOR_ALPHABLENDED_SHADOWS UNITY_PBS_USE_BRDF1 UNITY_SPECCUBE_BOX_PROJECTION UNITY_SPECCUBE_BLENDING UNITY_ENABLE_DETAIL_NORMALMAP SHADER_API_DESKTOP UNITY_LIGHT_PROBE_PROXY_VOLUME UNITY_LIGHTMAP_FULL_HDR ok=1
Cmd: compileSnippet
  api=4 type=1 insize=1341 outsize=402 kw= pd=UNITY_ENABLE_REFLECTION_BUFFERS UNITY_USE_DITHER_MASK_FOR_ALPHABLENDED_SHADOWS UNITY_PBS_USE_BRDF1 UNITY_SPECCUBE_BOX_PROJECTION UNITY_SPECCUBE_BLENDING UNITY_ENABLE_DETAIL_NORMALMAP SHADER_API_DESKTOP UNITY_LIGHT_PROBE_PROXY_VOLUME UNITY_LIGHTMAP_FULL_HDR ok=1
Cmd: compileSnippet
  api=4 type=0 insize=1341 outsize=790 kw= pd=UNITY_ENABLE_REFLECTION_BUFFERS UNITY_USE_DITHER_MASK_FOR_ALPHABLENDED_SHADOWS UNITY_PBS_USE_BRDF1 UNITY_SPECCUBE_BOX_PROJECTION UNITY_SPECCUBE_BLENDING UNITY_ENABLE_DETAIL_NORMALMAP SHADER_API_DESKTOP UNITY_LIGHT_PROBE_PROXY_VOLUME UNITY_LIGHTMAP_FULL_HDR ok=1
Cmd: compileSnippet
  api=4 type=1 insize=1341 outsize=402 kw= pd=UNITY_ENABLE_REFLECTION_BUFFERS UNITY_USE_DITHER_MASK_FOR_ALPHABLENDED_SHADOWS UNITY_PBS_USE_BRDF1 UNITY_SPECCUBE_BOX_PROJECTION UNITY_SPECCUBE_BLENDING UNITY_ENABLE_DETAIL_NORMALMAP SHADER_API_DESKTOP UNITY_LIGHT_PROBE_PROXY_VOLUME UNITY_LIGHTMAP_FULL_HDR ok=1
Cmd: compileSnippet
  api=4 type=0 insize=1878 outsize=1082 kw= pd=UNITY_ENABLE_REFLECTION_BUFFERS UNITY_USE_DITHER_MASK_FOR_ALPHABLENDED_SHADOWS UNITY_PBS_USE_BRDF1 UNITY_SPECCUBE_BOX_PROJECTION UNITY_SPECCUBE_BLENDING UNITY_ENABLE_DETAIL_NORMALMAP SHADER_API_DESKTOP UNITY_LIGHT_PROBE_PROXY_VOLUME UNITY_LIGHTMAP_FULL_HDR ok=1
Cmd: compileSnippet
  api=4 type=1 insize=1878 outsize=778 kw= pd=UNITY_ENABLE_REFLECTION_BUFFERS UNITY_USE_DITHER_MASK_FOR_ALPHABLENDED_SHADOWS UNITY_PBS_USE_BRDF1 UNITY_SPECCUBE_BOX_PROJECTION UNITY_SPECCUBE_BLENDING UNITY_ENABLE_DETAIL_NORMALMAP SHADER_API_DESKTOP UNITY_LIGHT_PROBE_PROXY_VOLUME UNITY_LIGHTMAP_FULL_HDR ok=1
Cmd: compileSnippet
  api=4 type=0 insize=1878 outsize=1082 kw= pd=UNITY_ENABLE_REFLECTION_BUFFERS UNITY_USE_DITHER_MASK_FOR_ALPHABLENDED_SHADOWS UNITY_PBS_USE_BRDF1 UNITY_SPECCUBE_BOX_PROJECTION UNITY_SPECCUBE_BLENDING UNITY_ENABLE_DETAIL_NORMALMAP SHADER_API_DESKTOP UNITY_LIGHT_PROBE_PROXY_VOLUME UNITY_LIGHTMAP_FULL_HDR ok=1
Cmd: compileSnippet
  api=4 type=1 insize=1878 outsize=778 kw= pd=UNITY_ENABLE_REFLECTION_BUFFERS UNITY_USE_DITHER_MASK_FOR_ALPHABLENDED_SHADOWS UNITY_PBS_USE_BRDF1 UNITY_SPECCUBE_BOX_PROJECTION UNITY_SPECCUBE_BLENDING UNITY_ENABLE_DETAIL_NORMALMAP SHADER_API_DESKTOP UNITY_LIGHT_PROBE_PROXY_VOLUME UNITY_LIGHTMAP_FULL_HDR ok=1
Cmd: compileSnippet
  api=4 type=0 insize=1842 outsize=1082 kw= pd=UNITY_ENABLE_REFLECTION_BUFFERS UNITY_USE_DITHER_MASK_FOR_ALPHABLENDED_SHADOWS UNITY_PBS_USE_BRDF1 UNITY_SPECCUBE_BOX_PROJECTION UNITY_SPECCUBE_BLENDING UNITY_ENABLE_DETAIL_NORMALMAP SHADER_API_DESKTOP UNITY_LIGHT_PROBE_PROXY_VOLUME UNITY_LIGHTMAP_FULL_HDR ok=1
Cmd: compileSnippet
  api=4 type=1 insize=1842 outsize=798 kw= pd=UNITY_ENABLE_REFLECTION_BUFFERS UNITY_USE_DITHER_MASK_FOR_ALPHABLENDED_SHADOWS UNITY_PBS_USE_BRDF1 UNITY_SPECCUBE_BOX_PROJECTION UNITY_SPECCUBE_BLENDING UNITY_ENABLE_DETAIL_NORMALMAP SHADER_API_DESKTOP UNITY_LIGHT_PROBE_PROXY_VOLUME UNITY_LIGHTMAP_FULL_HDR ok=1
Cmd: compileSnippet
  api=4 type=0 insize=1842 outsize=1082 kw= pd=UNITY_ENABLE_REFLECTION_BUFFERS UNITY_USE_DITHER_MASK_FOR_ALPHABLENDED_SHADOWS UNITY_PBS_USE_BRDF1 UNITY_SPECCUBE_BOX_PROJECTION UNITY_SPECCUBE_BLENDING UNITY_ENABLE_DETAIL_NORMALMAP SHADER_API_DESKTOP UNITY_LIGHT_PROBE_PROXY_VOLUME UNITY_LIGHTMAP_FULL_HDR ok=1
Cmd: compileSnippet
  api=4 type=1 insize=1842 outsize=798 kw= pd=UNITY_ENABLE_REFLECTION_BUFFERS UNITY_USE_DITHER_MASK_FOR_ALPHABLENDED_SHADOWS UNITY_PBS_USE_BRDF1 UNITY_SPECCUBE_BOX_PROJECTION UNITY_SPECCUBE_BLENDING UNITY_ENABLE_DETAIL_NORMALMAP SHADER_API_DESKTOP UNITY_LIGHT_PROBE_PROXY_VOLUME UNITY_LIGHTMAP_FULL_HDR ok=1
Cmd: compileSnippet
  api=4 type=0 insize=1701 outsize=1094 kw= pd=UNITY_ENABLE_REFLECTION_BUFFERS UNITY_USE_DITHER_MASK_FOR_ALPHABLENDED_SHADOWS UNITY_PBS_USE_BRDF1 UNITY_SPECCUBE_BOX_PROJECTION UNITY_SPECCUBE_BLENDING UNITY_ENABLE_DETAIL_NORMALMAP SHADER_API_DESKTOP UNITY_LIGHT_PROBE_PROXY_VOLUME UNITY_LIGHTMAP_FULL_HDR ok=1
Cmd: compileSnippet
  api=4 type=1 insize=1701 outsize=522 kw= pd=UNITY_ENABLE_REFLECTION_BUFFERS UNITY_USE_DITHER_MASK_FOR_ALPHABLENDED_SHADOWS UNITY_PBS_USE_BRDF1 UNITY_SPECCUBE_BOX_PROJECTION UNITY_SPECCUBE_BLENDING UNITY_ENABLE_DETAIL_NORMALMAP SHADER_API_DESKTOP UNITY_LIGHT_PROBE_PROXY_VOLUME UNITY_LIGHTMAP_FULL_HDR ok=1
Cmd: compileSnippet
  api=4 type=0 insize=1701 outsize=1094 kw= pd=UNITY_ENABLE_REFLECTION_BUFFERS UNITY_USE_DITHER_MASK_FOR_ALPHABLENDED_SHADOWS UNITY_PBS_USE_BRDF1 UNITY_SPECCUBE_BOX_PROJECTION UNITY_SPECCUBE_BLENDING UNITY_ENABLE_DETAIL_NORMALMAP SHADER_API_DESKTOP UNITY_LIGHT_PROBE_PROXY_VOLUME UNITY_LIGHTMAP_FULL_HDR ok=1
Cmd: compileSnippet
  api=4 type=1 insize=1701 outsize=522 kw= pd=UNITY_ENABLE_REFLECTION_BUFFERS UNITY_USE_DITHER_MASK_FOR_ALPHABLENDED_SHADOWS UNITY_PBS_USE_BRDF1 UNITY_SPECCUBE_BOX_PROJECTION UNITY_SPECCUBE_BLENDING UNITY_ENABLE_DETAIL_NORMALMAP SHADER_API_DESKTOP UNITY_LIGHT_PROBE_PROXY_VOLUME UNITY_LIGHTMAP_FULL_HDR ok=1
Cmd: compileSnippet
  api=4 type=0 insize=4024 outsize=1242 kw= pd=UNITY_ENABLE_REFLECTION_BUFFERS UNITY_USE_DITHER_MASK_FOR_ALPHABLENDED_SHADOWS UNITY_PBS_USE_BRDF1 UNITY_SPECCUBE_BOX_PROJECTION UNITY_SPECCUBE_BLENDING UNITY_ENABLE_DETAIL_NORMALMAP SHADER_API_DESKTOP UNITY_LIGHT_PROBE_PROXY_VOLUME UNITY_LIGHTMAP_FULL_HDR ok=1
Cmd: compileSnippet
  api=4 type=1 insize=4024 outsize=978 kw= pd=UNITY_ENABLE_REFLECTION_BUFFERS UNITY_USE_DITHER_MASK_FOR_ALPHABLENDED_SHADOWS UNITY_PBS_USE_BRDF1 UNITY_SPECCUBE_BOX_PROJECTION UNITY_SPECCUBE_BLENDING UNITY_ENABLE_DETAIL_NORMALMAP SHADER_API_DESKTOP UNITY_LIGHT_PROBE_PROXY_VOLUME UNITY_LIGHTMAP_FULL_HDR ok=1
