Base path: F:/GameEngineStuff/Unity/Editor/Data
Cmd: initializeCompiler
Cmd: compileComputeKernel
  api=4 insize=14406 outsize=29065 ok=1
Cmd: compileComputeKernel
  api=4 insize=14406 outsize=62241 ok=1
Cmd: compileComputeKernel
  api=4 insize=14406 outsize=41937 ok=1
Cmd: compileComputeKernel
  api=4 insize=14406 outsize=53449 ok=1
Cmd: compileComputeKernel
  api=4 insize=14406 outsize=34633 ok=1
Cmd: compileComputeKernel
  api=4 insize=14406 outsize=64745 ok=1
Cmd: compileComputeKernel
  api=4 insize=14406 outsize=33141 ok=1
Cmd: compileComputeKernel
  api=4 insize=14406 outsize=67073 ok=1
Cmd: compileComputeKernel
  api=4 insize=26648 outsize=15857 ok=1
Cmd: compileComputeKernel
  api=4 insize=26648 outsize=16041 ok=1
Cmd: compileComputeKernel
  api=4 insize=3797 outsize=1621 ok=1
Cmd: compileComputeKernel
  api=4 insize=9347 outsize=9273 ok=1
Cmd: compileComputeKernel
  api=4 insize=4918 outsize=2777 ok=1
Cmd: compileComputeKernel
  api=4 insize=7423 outsize=1037 ok=1
Cmd: compileComputeKernel
  api=4 insize=2364 outsize=1025 ok=1
Cmd: compileComputeKernel
  api=4 insize=20012 outsize=14241 ok=1
Cmd: compileComputeKernel
  api=4 insize=20668 outsize=27309 ok=1
Cmd: compileComputeKernel
  api=4 insize=34508 outsize=33949 ok=1
Cmd: compileComputeKernel
  api=4 insize=34508 outsize=36169 ok=1
Cmd: compileComputeKernel
  api=4 insize=8350 outsize=2945 ok=1
Cmd: compileComputeKernel
  api=4 insize=17193 outsize=7957 ok=1
Cmd: compileComputeKernel
  api=4 insize=5089 outsize=2825 ok=1
Cmd: compileComputeKernel
  api=4 insize=7712 outsize=7909 ok=1
Cmd: compileComputeKernel
  api=4 insize=5723 outsize=637 ok=1
Cmd: compileSnippet
  api=4 type=1 insize=7237 outsize=142 kw=_NORMALMAP_TANGENT_SPACE _NORMALMAP _MASKMAP pd=UNITY_ENABLE_REFLECTION_BUFFERS UNITY_USE_DITHER_MASK_FOR_ALPHABLENDED_SHADOWS UNITY_PBS_USE_BRDF1 UNITY_SPECCUBE_BOX_PROJECTION UNITY_SPECCUBE_BLENDING UNITY_ENABLE_DETAIL_NORMALMAP SHADER_API_DESKTOP UNITY_LIGHT_PROBE_PROXY_VOLUME UNITY_LIGHTMAP_FULL_HDR ok=1
